BlackCatApp/proguard.cfg
-optimizationpasses 5
-dontusemixedcaseclassnames
-dontskipnonpubliclibraryclasses
-dontpreverify
-verbose
-optimizations !code/simplification/arithmetic,!field/*,!class/merging/*

-ignorewarnings
-dontwarn

-dontskipnonpubliclibraryclassmembers
-dontskipnonpubliclibraryclasses

-keep public class * extends android.app.Application
-keep public class * extends android.app.Service
-keep public class * extends android.content.BroadcastReceiver
-keep public class * extends android.content.ContentProvider
-keep public class * extends android.app.backup.BackupAgentHelper
-keep public class * extends android.preference.Preference
-keep public class com.android.vending.licensing.ILicensingService
-keepattributes SourceFile,LineNumberTable


-dontwarn android.support.v4.**  
-dontwarn android.support.v7.** 

-keepclassmembers class * {
   public <init>(org.json.JSONObject);
}

-keep class com.easemob.** {*;}
-keep class org.jivesoftware.** {*;}
-keep class org.apache.** {*;}
-dontwarn  com.easemob.**

-keepclasseswithmembernames class * {
    native <methods>;
}

-keepclasseswithmembers class * {
    public <init>(android.content.Context, android.util.AttributeSet);
}

-keepclasseswithmembers class * {
    public <init>(android.content.Context, android.util.AttributeSet, int);
}

-keepclassmembers enum * {
    public static **[] values();
    public static ** valueOf(java.lang.String);
}

-keep class * implements android.os.Parcelable {
  public static final android.os.Parcelable$Creator *;
}

-dontwarn com.baidu.**
-keep class com.baidu.** { *; }

-dontwarn vi.com.gdi.bgl.android.**
-keep class vi.com.gdi.bgl.android.**{ *; }

-dontwarn cn.jpush.**
-keep class cn.jpush.** { *; }

-keep class com.google.** { *; }
-keep class android.support.v4.**{ *; }

-keep class com.sft.vo.**{ *; }

-keepclassmembers class * implements java.io.Serializable {
    static final long serialVersionUID;
    private static final java.io.ObjectStreamField[] serialPersistentFields;
    private void writeObject(java.io.ObjectOutputStream);
    private void readObject(java.io.ObjectInputStream);
    java.lang.Object writeReplace();
    java.lang.Object readResolve();
    public <fields>;
}

-keepattributes Signature

-keep public class * implements java.io.Serializable { *; }

-keep class com.google.gson.examples.android.model.** { *; }


#友盟分享
-dontshrink
-dontoptimize
-dontwarn com.google.android.maps.**
-dontwarn android.webkit.WebView
-dontwarn com.umeng.**
-dontwarn com.tencent.weibo.sdk.**
-dontwarn com.facebook.**


-keep enum com.facebook.**
-keepattributes Exceptions,InnerClasses,Signature
-keepattributes *Annotation*
-keepattributes SourceFile,LineNumberTable

-keep public interface com.facebook.**
-keep public interface com.tencent.**
-keep public interface com.umeng.socialize.**
-keep public interface com.umeng.socialize.sensor.**
-keep public interface com.umeng.scrshot.**

-keep public class com.umeng.socialize.* {*;}
-keep public class javax.**
-keep public class android.webkit.**

-keep class com.facebook.**
-keep class com.facebook.** { *; }
-keep class com.umeng.scrshot.**
-keep public class com.tencent.** {*;}
-keep class com.umeng.socialize.sensor.**
-keep class com.umeng.socialize.handler.**
-keep class com.umeng.socialize.handler.*
-keep class com.tencent.mm.sdk.modelmsg.WXMediaMessage {*;}
-keep class com.tencent.mm.sdk.modelmsg.** implements com.tencent.mm.sdk.modelmsg.WXMediaMessage$IMediaObject {*;}

-keep class im.yixin.sdk.api.YXMessage {*;}
-keep class im.yixin.sdk.api.** implements im.yixin.sdk.api.YXMessage$YXMessageData{*;}

-dontwarn twitter4j.**
-keep class twitter4j.** { *; }

-keep class com.tencent.** {*;}
-dontwarn com.tencent.**
-keep public class com.umeng.soexample.R$*{
    public static final int *;
}
-keep public class com.umeng.soexample.R$*{
    public static final int *;
}
-keep class com.tencent.open.TDialog$*
-keep class com.tencent.open.TDialog$* {*;}
-keep class com.tencent.open.PKDialog
-keep class com.tencent.open.PKDialog {*;}
-keep class com.tencent.open.PKDialog$*
-keep class com.tencent.open.PKDialog$* {*;}

-keep class com.sina.** {*;}
-dontwarn com.sina.**
-keep class  com.alipay.share.sdk.** {
   *;
}
-keepnames class * implements android.os.Parcelable {
    public static final ** CREATOR;
}