BlackCatApp/proguard/seeds.txt
com.sft.blackcatapp.AboutUsActivity
com.sft.blackcatapp.AboutUsActivity: AboutUsActivity()
com.sft.blackcatapp.AppointmentCarActivity
com.sft.blackcatapp.AppointmentCarActivity: AppointmentCarActivity()
com.sft.blackcatapp.AppointmentDetailActivity
com.sft.blackcatapp.AppointmentDetailActivity: AppointmentDetailActivity()
com.sft.blackcatapp.AppointmentMoreCoachActivity
com.sft.blackcatapp.AppointmentMoreCoachActivity: AppointmentMoreCoachActivity()
com.sft.blackcatapp.AudioPlayActivity
com.sft.blackcatapp.AudioPlayActivity: AudioPlayActivity()
com.sft.blackcatapp.AudioPlayActivity: void forward(float)
com.sft.blackcatapp.AudioPlayHtmlActivity
com.sft.blackcatapp.AudioPlayHtmlActivity: AudioPlayHtmlActivity()
com.sft.blackcatapp.BaseActivity: BaseActivity()
com.sft.blackcatapp.CallBackActivity
com.sft.blackcatapp.CallBackActivity: CallBackActivity()
com.sft.blackcatapp.CancelAppointmentActivity
com.sft.blackcatapp.CancelAppointmentActivity: CancelAppointmentActivity()
com.sft.blackcatapp.ChangeAddressActivity
com.sft.blackcatapp.ChangeAddressActivity: ChangeAddressActivity()
com.sft.blackcatapp.ChangePhoneActivity
com.sft.blackcatapp.ChangePhoneActivity: ChangePhoneActivity()
com.sft.blackcatapp.ChangeSignActivity
com.sft.blackcatapp.ChangeSignActivity: ChangeSignActivity()
com.sft.blackcatapp.ChatActivity
com.sft.blackcatapp.ChatActivity: ChatActivity()
com.sft.blackcatapp.ClassDetailActivity
com.sft.blackcatapp.ClassDetailActivity: ClassDetailActivity()
com.sft.blackcatapp.CoachDetailActivity
com.sft.blackcatapp.CoachDetailActivity: CoachDetailActivity()
com.sft.blackcatapp.CommentActivity
com.sft.blackcatapp.CommentActivity: CommentActivity()
com.sft.blackcatapp.ComplainActivity
com.sft.blackcatapp.ComplainActivity: ComplainActivity()
com.sft.blackcatapp.ConfirmStudyActivity
com.sft.blackcatapp.ConfirmStudyActivity: ConfirmStudyActivity()
com.sft.blackcatapp.CourseActivity
com.sft.blackcatapp.CourseActivity: CourseActivity()
com.sft.blackcatapp.CropImageActivity
com.sft.blackcatapp.CropImageActivity: CropImageActivity()
com.sft.blackcatapp.EditPersonInfoActivity
com.sft.blackcatapp.EditPersonInfoActivity: EditPersonInfoActivity()
com.sft.blackcatapp.EnrollActivity
com.sft.blackcatapp.EnrollActivity: EnrollActivity()
com.sft.blackcatapp.EnrollCarStyleActivity
com.sft.blackcatapp.EnrollCarStyleActivity: EnrollCarStyleActivity()
com.sft.blackcatapp.EnrollClassActivity
com.sft.blackcatapp.EnrollClassActivity: EnrollClassActivity()
com.sft.blackcatapp.EnrollCoachActivity
com.sft.blackcatapp.EnrollCoachActivity: EnrollCoachActivity()
com.sft.blackcatapp.EnrollSchoolActivity
com.sft.blackcatapp.EnrollSchoolActivity: EnrollSchoolActivity()
com.sft.blackcatapp.EnrollSuccessActivity
com.sft.blackcatapp.EnrollSuccessActivity: EnrollSuccessActivity()
com.sft.blackcatapp.EnrollVerifyActivity
com.sft.blackcatapp.EnrollVerifyActivity: EnrollVerifyActivity()
com.sft.blackcatapp.FavouriteCoachActivity
com.sft.blackcatapp.FavouriteCoachActivity: FavouriteCoachActivity()
com.sft.blackcatapp.FavouriteSchoolActivity
com.sft.blackcatapp.FavouriteSchoolActivity: FavouriteSchoolActivity()
com.sft.blackcatapp.FindPasswordActivity
com.sft.blackcatapp.FindPasswordActivity: FindPasswordActivity()
com.sft.blackcatapp.LoginActivity
com.sft.blackcatapp.LoginActivity: LoginActivity()
com.sft.blackcatapp.MainActivity
com.sft.blackcatapp.MainActivity: MainActivity()
com.sft.blackcatapp.MallActivity
com.sft.blackcatapp.MallActivity: MallActivity()
com.sft.blackcatapp.MapActivity
com.sft.blackcatapp.MapActivity: MapActivity()
com.sft.blackcatapp.MessageActivity
com.sft.blackcatapp.MessageActivity: MessageActivity()
com.sft.blackcatapp.MyAppointmentActivity
com.sft.blackcatapp.MyAppointmentActivity: MyAppointmentActivity()
com.sft.blackcatapp.MyCoachActivity
com.sft.blackcatapp.MyCoachActivity: MyCoachActivity()
...
org.jivesoftware.smack.util.collections.AbstractReferenceMap$ReferenceKeySet
org.jivesoftware.smack.util.collections.AbstractReferenceMap$ReferenceKeySet: AbstractReferenceMap$ReferenceKeySet(org.jivesoftware.smack.util.collections.AbstractHashedMap)
org.jivesoftware.smack.util.collections.AbstractReferenceMap$ReferenceKeySet: java.lang.Object[] toArray()
org.jivesoftware.smack.util.collections.AbstractReferenceMap$ReferenceKeySet: java.lang.Object[] toArray(java.lang.Object[])
org.jivesoftware.smack.util.collections.AbstractReferenceMap$ReferenceKeySetIterator
org.jivesoftware.smack.util.collections.AbstractReferenceMap$ReferenceKeySetIterator: AbstractReferenceMap$ReferenceKeySetIterator(org.jivesoftware.smack.util.collections.AbstractReferenceMap)
org.jivesoftware.smack.util.collections.AbstractReferenceMap$ReferenceKeySetIterator: java.lang.Object next()
org.jivesoftware.smack.util.collections.AbstractReferenceMap$ReferenceMapIterator
org.jivesoftware.smack.util.collections.AbstractReferenceMap$ReferenceMapIterator: AbstractReferenceMap$ReferenceMapIterator(org.jivesoftware.smack.util.collections.AbstractReferenceMap)
org.jivesoftware.smack.util.collections.AbstractReferenceMap$ReferenceMapIterator: java.lang.Object next()
org.jivesoftware.smack.util.collections.AbstractReferenceMap$ReferenceMapIterator: java.lang.Object getKey()
org.jivesoftware.smack.util.collections.AbstractReferenceMap$ReferenceMapIterator: java.lang.Object getValue()
org.jivesoftware.smack.util.collections.AbstractReferenceMap$ReferenceMapIterator: java.lang.Object setValue(java.lang.Object)
org.jivesoftware.smack.util.collections.AbstractReferenceMap$ReferenceValues
org.jivesoftware.smack.util.collections.AbstractReferenceMap$ReferenceValues: AbstractReferenceMap$ReferenceValues(org.jivesoftware.smack.util.collections.AbstractHashedMap)
org.jivesoftware.smack.util.collections.AbstractReferenceMap$ReferenceValues: java.lang.Object[] toArray()
org.jivesoftware.smack.util.collections.AbstractReferenceMap$ReferenceValues: java.lang.Object[] toArray(java.lang.Object[])
org.jivesoftware.smack.util.collections.AbstractReferenceMap$ReferenceValuesIterator
org.jivesoftware.smack.util.collections.AbstractReferenceMap$ReferenceValuesIterator: AbstractReferenceMap$ReferenceValuesIterator(org.jivesoftware.smack.util.collections.AbstractReferenceMap)
org.jivesoftware.smack.util.collections.AbstractReferenceMap$ReferenceValuesIterator: java.lang.Object next()
org.jivesoftware.smack.util.collections.AbstractReferenceMap$SoftRef
org.jivesoftware.smack.util.collections.AbstractReferenceMap$SoftRef: int hash
org.jivesoftware.smack.util.collections.AbstractReferenceMap$SoftRef: AbstractReferenceMap$SoftRef(int,java.lang.Object,java.lang.ref.ReferenceQueue)
org.jivesoftware.smack.util.collections.AbstractReferenceMap$SoftRef: int hashCode()
org.jivesoftware.smack.util.collections.AbstractReferenceMap$WeakRef
org.jivesoftware.smack.util.collections.AbstractReferenceMap$WeakRef: int hash
org.jivesoftware.smack.util.collections.AbstractReferenceMap$WeakRef: AbstractReferenceMap$WeakRef(int,java.lang.Object,java.lang.ref.ReferenceQueue)
org.jivesoftware.smack.util.collections.AbstractReferenceMap$WeakRef: int hashCode()
org.jivesoftware.smack.util.collections.DefaultMapEntry
org.jivesoftware.smack.util.collections.DefaultMapEntry: DefaultMapEntry(java.lang.Object,java.lang.Object)
org.jivesoftware.smack.util.collections.DefaultMapEntry: DefaultMapEntry(org.jivesoftware.smack.util.collections.KeyValue)
org.jivesoftware.smack.util.collections.DefaultMapEntry: DefaultMapEntry(java.util.Map$Entry)