BlackCatApp/proguard/mapping.txt
com.sft.blackcatapp.AboutUsActivity -> com.sft.blackcatapp.AboutUsActivity:
    android.widget.TextView versionTv -> p
    android.widget.TextView protocalTv -> q
    21:21:void <init>() -> <init>
    30:35:void onCreate(android.os.Bundle) -> onCreate
    1082:1091:void initView():82:91 -> onCreate
    1082:1091:void onCreate(android.os.Bundle):32 -> onCreate
    1094:1095:void setListener():94:95 -> onCreate
    1094:1095:void onCreate(android.os.Bundle):33 -> onCreate
    2038:2062:void showDialog():38:62 -> onCreate
    2038:2062:void onCreate(android.os.Bundle):34 -> onCreate
    65:72:boolean isMyServiceRunning() -> c
    77:79:void onResume() -> onResume
    99:111:void onClick(android.view.View) -> onClick
    115:120:void forOperResult(android.content.Intent) -> a
com.sft.blackcatapp.AboutUsActivity$1 -> com.sft.blackcatapp.a:
    com.sft.blackcatapp.AboutUsActivity this$0 -> a
    1:47:void <init>(com.sft.blackcatapp.AboutUsActivity) -> <init>
    49:52:void onClick(android.content.DialogInterface,int) -> onClick
com.sft.blackcatapp.AboutUsActivity$2 -> com.sft.blackcatapp.b:
    com.sft.blackcatapp.AboutUsActivity this$0 -> a
    1:54:void <init>(com.sft.blackcatapp.AboutUsActivity) -> <init>
    56:57:void onClick(android.content.DialogInterface,int) -> onClick
com.sft.blackcatapp.AppointmentCarActivity -> com.sft.blackcatapp.AppointmentCarActivity:
    android.widget.RadioGroup dateGroup -> p
    android.widget.RadioButton firstDateBtn -> q
    android.widget.RadioButton secondDateBtn -> r
    android.widget.RadioButton threeDateBtn -> s
    android.widget.RadioButton fourDateBtn -> t
    android.widget.RadioButton fiveDateBtn -> u
    android.widget.RadioButton sixDateBtn -> v
    android.widget.RadioButton sevenDateBtn -> w
    android.widget.TextView shuttleTitleTv -> x
    android.widget.LinearLayout shuttleLayout -> y
    android.widget.TextView shuttleAddressTv -> z
    android.widget.TextView curAppointmentTimeTv -> A
    android.widget.TextView confirmAppointmentTimeTv -> B
    cn.sft.pull.LoadMoreView coachListView -> C
    android.widget.TextView noCoachTv -> D
    android.widget.Button commitBtn -> E
    com.sft.adapter.AppointmentCarCoachHoriListAdapter adapter -> F
    java.util.List coachList -> G
    java.util.List courseList -> H
    com.sft.vo.CoachVO selectCoach -> I
    java.lang.String selectDate -> J
    com.sft.viewutil.ScrollTimeLayout timeLayout -> K
    float aspect -> L
    52:94:void <init>() -> <init>
    98:105:void onCreate(android.os.Bundle) -> onCreate
    1113:1162:void initView():113:162 -> onCreate
    1113:1162:void onCreate(android.os.Bundle):100 -> onCreate
    1165:1185:void setAppointmentTimeInfo():165:185 -> onCreate
com.sft.blackcatapp.AppointmentCarActivity$1 -> com.sft.blackcatapp.c:
    com.sft.blackcatapp.AppointmentCarActivity this$0 -> a
    com.sft.dialog.CustomDialog val$dialog -> b
    1:472:void <init>(com.sft.blackcatapp.AppointmentCarActivity,com.sft.dialog.CustomDialog) -> <init>
    474:476:void run() -> a
...
android.support.v4.view.ViewPager$ItemInfo -> android.support.v4.view.ViewPager$ItemInfo:
    java.lang.Object object -> object
    int position -> position
    boolean scrolling -> scrolling
    float widthFactor -> widthFactor
    float offset -> offset
    113:113:void <init>() -> <init>
android.support.v4.view.ViewPager$LayoutParams -> android.support.v4.view.ViewPager$LayoutParams:
    boolean isDecor -> isDecor
    int gravity -> gravity
    float widthFactor -> widthFactor
    boolean needsMeasure -> needsMeasure
    int position -> position
    int childIndex -> childIndex
    2853:2873:void <init>() -> <init>
    2853:2881:void <init>(android.content.Context,android.util.AttributeSet) -> <init>
android.support.v4.view.ViewPager$MyAccessibilityDelegate -> android.support.v4.view.ViewPager$MyAccessibilityDelegate:
    android.support.v4.view.ViewPager this$0 -> this$0
    2765:2765:void <init>(android.support.v4.view.ViewPager) -> <init>
    2769:2779:void onInitializeAccessibilityEvent(android.view.View,android.view.accessibility.AccessibilityEvent) -> onInitializeAccessibilityEvent
    2783:2792:void onInitializeAccessibilityNodeInfo(android.view.View,android.support.v4.view.accessibility.AccessibilityNodeInfoCompat) -> onInitializeAccessibilityNodeInfo
    2796:2813:boolean performAccessibilityAction(android.view.View,int,android.os.Bundle) -> performAccessibilityAction
    2817:2817:boolean canScroll() -> canScroll
android.support.v4.view.ViewPager$OnAdapterChangeListener -> android.support.v4.view.ViewPager$OnAdapterChangeListener:
    void onAdapterChanged(android.support.v4.view.PagerAdapter,android.support.v4.view.PagerAdapter) -> onAdapterChanged
android.support.v4.view.ViewPager$OnPageChangeListener -> android.support.v4.view.ViewPager$OnPageChangeListener:
    void onPageScrolled(int,float,int) -> onPageScrolled
    void onPageSelected(int) -> onPageSelected
    void onPageScrollStateChanged(int) -> onPageScrollStateChanged
android.support.v4.view.ViewPager$PageTransformer -> android.support.v4.view.ViewPager$PageTransformer:
    void transformPage(android.view.View,float) -> transformPage
android.support.v4.view.ViewPager$PagerObserver -> android.support.v4.view.ViewPager$PagerObserver:
    android.support.v4.view.ViewPager this$0 -> this$0
    2821:2821:void <init>(android.support.v4.view.ViewPager) -> <init>
    2824:2825:void onChanged() -> onChanged
    2828:2829:void onInvalidated() -> onInvalidated
    2821:2821:void <init>(android.support.v4.view.ViewPager,android.support.v4.view.ViewPager$1) -> <init>
android.support.v4.view.ViewPager$SavedState -> android.support.v4.view.ViewPager$SavedState:
    int position -> position
    android.os.Parcelable adapterState -> adapterState
    java.lang.ClassLoader loader -> loader
    android.os.Parcelable$Creator CREATOR -> CREATOR
    1224:1225:void <init>(android.os.Parcelable) -> <init>
    1229:1232:void writeToParcel(android.os.Parcel,int) -> writeToParcel
    1236:1236:java.lang.String toString() -> toString
    1254:1261:void <init>(android.os.Parcel,java.lang.ClassLoader) -> <init>
    1241:1241:void <clinit>() -> <clinit>
android.support.v4.view.ViewPager$SavedState$1 -> android.support.v4.view.ViewPager$SavedState$1:
    1242:1242:void <init>() -> <init>
    1245:1245:android.support.v4.view.ViewPager$SavedState createFromParcel(android.os.Parcel,java.lang.ClassLoader) -> createFromParcel
    1249:1249:android.support.v4.view.ViewPager$SavedState[] newArray(int) -> newArray
    1242:1242:java.lang.Object[] newArray(int) -> newArray
    1242:1242:java.lang.Object createFromParcel(android.os.Parcel,java.lang.ClassLoader) -> createFromParcel