BlackCatApp/proguard/usage.txt
com.sft.blackcatapp.AppointmentCarActivity:
    private static final java.lang.String coachCourse
    private static final java.lang.String appointmentCourse
    private static final java.lang.String favouriteCoach
com.sft.blackcatapp.AppointmentDetailActivity:
    private static final java.lang.String sameTimeStudent
com.sft.blackcatapp.AppointmentMoreCoachActivity:
    private static final java.lang.String schoolCoach
com.sft.blackcatapp.AudioPlayActivity:
    private static final int HIDE_TIME
com.sft.blackcatapp.BaseActivity:
    public static final int SHOW_LEFT_BTN
    public static final int SHOW_RIGHT_BTN
    public static final int SHOW_LEFT_TEXT
    public static final int SHOW_RIGHT_TEXT
    229:231:protected android.text.SpannableString setHint(java.lang.String)
com.sft.blackcatapp.BuildConfig
com.sft.blackcatapp.CallBackActivity:
    private static final java.lang.String callback
com.sft.blackcatapp.CancelAppointmentActivity:
    private static final java.lang.String cancelAppointment
com.sft.blackcatapp.ChangeAddressActivity:
    private static final java.lang.String changeAddress
com.sft.blackcatapp.ChangePhoneActivity:
    private static final java.lang.String obtainCode
    private static final java.lang.String changePhone
    private static final int codeTime
com.sft.blackcatapp.ChangeSignActivity:
    private static final java.lang.String changeSign
    private static final java.lang.String changeName
    private static final java.lang.String changeNickName
com.sft.blackcatapp.ChatActivity:
    private static final int REQUEST_CODE_EMPTY_HISTORY
    public static final int REQUEST_CODE_CONTEXT_MENU
    private static final int REQUEST_CODE_MAP
    public static final int REQUEST_CODE_TEXT
    public static final int REQUEST_CODE_VOICE
    public static final int REQUEST_CODE_PICTURE
    public static final int REQUEST_CODE_LOCATION
    public static final int REQUEST_CODE_NET_DISK
    public static final int REQUEST_CODE_FILE
    public static final int REQUEST_CODE_COPY_AND_PASTE
    public static final int REQUEST_CODE_PICK_VIDEO
    public static final int REQUEST_CODE_DOWNLOAD_VIDEO
    public static final int REQUEST_CODE_VIDEO
    public static final int REQUEST_CODE_DOWNLOAD_VOICE
    public static final int REQUEST_CODE_SELECT_USER_CARD
    public static final int REQUEST_CODE_SEND_USER_CARD
    public static final int REQUEST_CODE_CAMERA
    public static final int REQUEST_CODE_LOCAL
    public static final int REQUEST_CODE_CLICK_DESTORY_IMG
    public static final int REQUEST_CODE_GROUP_DETAIL
    public static final int REQUEST_CODE_SELECT_VIDEO
    public static final int REQUEST_CODE_SELECT_FILE
    public static final int REQUEST_CODE_ADD_TO_BLACKLIST
    public static final int RESULT_CODE_COPY
    public static final int RESULT_CODE_DELETE
    public static final int RESULT_CODE_FORWARD
    public static final int RESULT_CODE_OPEN
    public static final int RESULT_CODE_DWONLOAD
com.sft.blackcatapp.CoachDetailActivity:
    private static final java.lang.String coachDetail
    private static final java.lang.String coachComment
    private static final java.lang.String addCoach
    private static final java.lang.String deleteCoach
com.sft.blackcatapp.CommentActivity:
    private static final java.lang.String comment
com.sft.blackcatapp.ComplainActivity:
    private static final java.lang.String complain
com.sft.blackcatapp.ConfirmStudyActivity:
    private static final java.lang.String confirmStudy
com.sft.blackcatapp.CourseActivity:
    private static final java.lang.String course
com.sft.blackcatapp.CoursePlayActivity
com.sft.blackcatapp.CropImageActivity:
    private static final java.lang.String changeHead
    public static final int selectCamera
    public static final int selectPic
com.sft.blackcatapp.EditPersonInfoActivity:
    private static final java.lang.String chageGender
...
android.support.annotation.ArrayRes
android.support.annotation.AttrRes
android.support.annotation.BoolRes
android.support.annotation.ColorRes
android.support.annotation.DimenRes
android.support.annotation.DrawableRes
android.support.annotation.FractionRes
android.support.annotation.IdRes
android.support.annotation.IntDef
android.support.annotation.IntegerRes
android.support.annotation.InterpolatorRes
android.support.annotation.LayoutRes
android.support.annotation.MenuRes
android.support.annotation.NonNull
android.support.annotation.Nullable
android.support.annotation.PluralsRes
android.support.annotation.RawRes
android.support.annotation.StringDef
android.support.annotation.StringRes
android.support.annotation.StyleRes
android.support.annotation.StyleableRes
android.support.annotation.XmlRes
android.support.v7.cardview.R:
    9:9:public R()
android.support.v7.cardview.R$attr
android.support.v7.cardview.R$color:
    public static final int cardview_dark_background
    public static final int cardview_light_background
    25:25:public R$color()
android.support.v7.cardview.R$dimen:
    public static final int cardview_default_elevation
    public static final int cardview_default_radius
    31:31:public R$dimen()
android.support.v7.cardview.R$style:
    public static final int CardView
    public static final int CardView_Dark
    36:36:public R$style()
android.support.v7.cardview.R$styleable:
    41:41:public R$styleable()
android.support.v7.widget.AdapterHelper:
    static final int POSITION_TYPE_INVISIBLE
    static final int POSITION_TYPE_NEW_OR_LAID_OUT
    private static final boolean DEBUG
    private static final java.lang.String TAG
    81:82:varargs android.support.v7.widget.AdapterHelper addUpdateOp(android.support.v7.widget.AdapterHelper$UpdateOp[])
    493:494:boolean onItemRangeChanged(int,int)
    501:502:boolean onItemRangeInserted(int,int)
    509:510:boolean onItemRangeRemoved(int,int)
    517:524:boolean onItemRangeMoved(int,int,int)
android.support.v7.widget.AdapterHelper$UpdateOp:
    static final int ADD
    static final int REMOVE
    static final int UPDATE
    static final int MOVE
    static final int POOL_SIZE
android.support.v7.widget.CardView:
    89:97:public CardView(android.content.Context)
    146:151:public void setUseCompatPadding(boolean)
    170:172:public void setContentPadding(int,int,int,int)
    234:235:public void setCardBackgroundColor(int)
    243:243:public int getContentPaddingLeft()
    252:252:public int getContentPaddingRight()
    261:261:public int getContentPaddingTop()
    270:270:public int getContentPaddingBottom()
    281:282:public void setRadius(float)
    291:291:public float getRadius()
    315:316:public void setCardElevation(float)
    326:326:public float getCardElevation()
    341:342:public void setMaxCardElevation(float)
    352:352:public float getMaxCardElevation()
    381:386:public void setPreventCornerOverlap(boolean)
android.support.v7.widget.CardViewApi21:
    36:37:public void setRadius(android.support.v7.widget.CardViewDelegate,float)
    72:73:public void setElevation(android.support.v7.widget.CardViewDelegate,float)
    77:77:public float getElevation(android.support.v7.widget.CardViewDelegate)
    97:98:public void onCompatPaddingChanged(android.support.v7.widget.CardViewDelegate)
    102:103:public void onPreventCornerOverlapChanged(android.support.v7.widget.CardViewDelegate)
    107:108:public void setBackgroundColor(android.support.v7.widget.CardViewDelegate,int)
android.support.v7.widget.CardViewDelegate:
    public abstract float getRadius()